<?xml version="1.0" encoding="UTF-8"?>
<!-- Generated by org.testng.reporters.JUnitXMLReporter -->
<testsuite ignored="0" hostname="LAPTOP-C1873E79" failures="1" tests="1" name="MobileAndMoreTest" time="0.002" errors="0" timestamp="2021-01-17T10:15:44 GMT-05:00">
  <testcase classname="tests.CurtainsTest" name="curtainTest" time="0.001">
    <failure type="java.lang.NullPointerException">
      <![CDATA[java.lang.NullPointerException
at org.openqa.selenium.support.pagefactory.DefaultElementLocator.findElement(DefaultElementLocator.java:69)
at org.openqa.selenium.support.pagefactory.internal.LocatingElementHandler.invoke(LocatingElementHandler.java:38)
at com.sun.proxy.$Proxy9.click(Unknown Source)
at pages.HomePage.clickDontAllow(HomePage.java:33)
at tests.CurtainsTest.curtainTest(CurtainsTest.java:18)
at java.base/java.util.ArrayList.forEach(ArrayList.java:1541)
... Removed 31 stack frames]]>
    </failure>
  </testcase> <!-- curtainTest -->
</testsuite> <!-- MobileAndMoreTest -->
