<?xml version="1.0" encoding="UTF-8"?>
<testsuite xmlns:xsi="http://www.w3.org/2001/XMLSchema-instance" xsi:noNamespaceSchemaLocation="https://maven.apache.org/surefire/maven-surefire-plugin/xsd/surefire-test-report-3.0.xsd" version="3.0" name="TestSuite" time="2.082" tests="3" errors="0" skipped="0" failures="3">
  <properties>
[...]
</properties>
  <testcase name="curtainTest[Home &amp; Kitchen, Curtains](1)" classname="tests.CurtainsTest" time="0.098">
    <failure type="java.lang.NullPointerException"><![CDATA[java.lang.NullPointerException
	at tests.CurtainsTest.curtainTest(CurtainsTest.java:18)
]]></failure>
  </testcase>
  <testcase name="curtainTest[Essentials, Coffee &amp; Tea](1)" classname="tests.CurtainsTest" time="0.001">
    <failure type="java.lang.NullPointerException"><![CDATA[java.lang.NullPointerException
	at tests.CurtainsTest.curtainTest(CurtainsTest.java:18)
]]></failure>
  </testcase>
  <testcase name="curtainTest[Mobiles &amp; More, Cables](1)" classname="tests.CurtainsTest" time="0.001">
    <failure type="java.lang.NullPointerException"><![CDATA[java.lang.NullPointerException
	at tests.CurtainsTest.curtainTest(CurtainsTest.java:18)
]]></failure>
  </testcase>
</testsuite>